<?xml version="1.0" encoding="UTF-8"?>
<!-- Generated by org.testng.reporters.JUnitReportReporter -->
<testsuite hostname="DESKTOP-3OSFOEK" failures="0" tests="1" name="project.Testng1" time="0.015" errors="0" timestamp="18 Dec 2023 13:39:26 GMT" skipped="0">
  <testcase classname="project.Testng1" name="add" time="0.015"/>
</testsuite> <!-- project.Testng1 -->
