<?xml version="1.0" encoding="UTF-8"?>
<!-- Generated by org.testng.reporters.JUnitReportReporter -->
<testsuite hostname="DESKTOP-3OSFOEK" failures="0" tests="1" name="project.Testng1" time="0.017" errors="0" timestamp="17 Dec 2023 05:33:57 GMT" skipped="0">
  <testcase classname="project.Testng1" name="add" time="0.017"/>
</testsuite> <!-- project.Testng1 -->
